<?xml version="1.0" encoding="UTF-8"?>
<!-- Generated by org.testng.reporters.JUnitReportReporter -->
<testsuite skipped="5" hostname="BLR2T2WSF045" name="coderTest.CoderTransBatchWise" tests="5" failures="0" timestamp="11 Dec 2018 13:47:19 GMT" time="0.000" errors="0">
  <testcase name="NoChargeCoderTrans" time="0.000" classname="coderTest.CoderTransBatchWise">
    <skipped/>
  </testcase> <!-- NoChargeCoderTrans -->
  <testcase name="DiregardCoderTrans" time="0.000" classname="coderTest.CoderTransBatchWise">
    <skipped/>
  </testcase> <!-- DiregardCoderTrans -->
  <testcase name="IvrCoderTrans" time="0.000" classname="coderTest.CoderTransBatchWise">
    <skipped/>
  </testcase> <!-- IvrCoderTrans -->
  <testcase name="InCompleteCoderTrans" classname="coderTest.CoderTransBatchWise">
    <skipped/>
  </testcase> <!-- InCompleteCoderTrans -->
  <testcase name="HoldCoderTrans" classname="coderTest.CoderTransBatchWise">
    <skipped/>
  </testcase> <!-- HoldCoderTrans -->
</testsuite> <!-- coderTest.CoderTransBatchWise -->
