<?xml version="1.0" encoding="UTF-8"?>
<!-- Generated by org.testng.reporters.JUnitReportReporter -->
<testsuite skipped="0" hostname="BLR2T2WSF045" name="codingAllotment.AllotBatchesInCoding" tests="1" failures="0" timestamp="22 Oct 2018 13:48:02 GMT" time="53.917" errors="0">
  <testcase name="ReallotBatch" time="53.917" classname="codingAllotment.AllotBatchesInCoding"/>
</testsuite> <!-- codingAllotment.AllotBatchesInCoding -->
