<?xml version="1.0" encoding="UTF-8"?>
<!-- Generated by org.testng.reporters.JUnitReportReporter -->
<testsuite skipped="1" hostname="BLR2T2WSF045" name="coderTest.ImportFile" tests="1" failures="0" timestamp="11 Dec 2018 13:47:19 GMT" time="0.000" errors="0">
  <testcase name="Importfile" time="0.000" classname="coderTest.ImportFile">
    <skipped/>
  </testcase> <!-- Importfile -->
</testsuite> <!-- coderTest.ImportFile -->
