<?xml version="1.0" encoding="UTF-8"?>
<!-- Generated by org.testng.reporters.JUnitReportReporter -->
<testsuite skipped="0" hostname="BLR2T2WSF045" name="coderTest.QCfeedBack" tests="1" failures="0" timestamp="17 Oct 2018 15:38:11 GMT" time="31.101" errors="0">
  <testcase name="QcFeedBack" time="31.101" classname="coderTest.QCfeedBack"/>
</testsuite> <!-- coderTest.QCfeedBack -->
