<?xml version="1.0" encoding="UTF-8"?>
<!-- Generated by org.testng.reporters.JUnitReportReporter -->
<testsuite skipped="1" hostname="BLR2T2WSF045" name="coderTest.CodingTransaction" tests="1" failures="0" timestamp="11 Dec 2018 13:47:19 GMT" time="0.000" errors="0">
  <testcase name="codingTransaction" time="0.000" classname="coderTest.CodingTransaction">
    <skipped/>
  </testcase> <!-- codingTransaction -->
</testsuite> <!-- coderTest.CodingTransaction -->
