<?xml version="1.0" encoding="UTF-8"?>
<!-- Generated by org.testng.reporters.JUnitReportReporter -->
<testsuite skipped="1" hostname="BLR2T2WSF045" name="coding.CreateBatch" tests="2" failures="0" timestamp="12 Oct 2018 14:51:48 GMT" time="45.500" errors="1">
  <testcase name="LaunchBrowser" time="45.500" classname="coding.CreateBatch">
    <error type="java.lang.OutOfMemoryError" message="Java heap space">
      <![CDATA[java.lang.OutOfMemoryError: Java heap space
at org.apache.xerces.dom.DeferredDocumentImpl.createChunk(Unknown Source)
at org.apache.xerces.dom.DeferredDocumentImpl.ensureCapacity(Unknown Source)
at org.apache.xerces.dom.DeferredDocumentImpl.createNode(Unknown Source)
at org.apache.xerces.dom.DeferredDocumentImpl.createDeferredElement(Unknown Source)
at org.apache.xerces.parsers.AbstractDOMParser.startElement(Unknown Source)
at org.apache.xerces.parsers.AbstractDOMParser.emptyElement(Unknown Source)
at org.apache.xerces.impl.XMLNSDocumentScannerImpl.scanStartElement(Unknown Source)
at org.apache.xerces.impl.XMLDocumentFragmentScannerImpl$FragmentContentDispatcher.dispatch(Unknown Source)
at org.apache.xerces.impl.XMLDocumentFragmentScannerImpl.scanDocument(Unknown Source)
at org.apache.xerces.parsers.XML11Configuration.parse(Unknown Source)
at org.apache.xerces.parsers.XML11Configuration.parse(Unknown Source)
at org.apache.xerces.parsers.XMLParser.parse(Unknown Source)
at org.apache.xerces.parsers.DOMParser.parse(Unknown Source)
at org.apache.xerces.jaxp.DocumentBuilderImpl.parse(Unknown Source)
at javax.xml.parsers.DocumentBuilder.parse(Unknown Source)
at org.apache.poi.util.DocumentHelper.readDocument(DocumentHelper.java:140)
at org.apache.poi.POIXMLTypeLoader.parse(POIXMLTypeLoader.java:163)
at org.openxmlformats.schemas.spreadsheetml.x2006.main.WorksheetDocument$Factory.parse(Unknown Source)
at org.apache.poi.xssf.usermodel.XSSFSheet.read(XSSFSheet.java:226)
at org.apache.poi.xssf.usermodel.XSSFSheet.onDocumentRead(XSSFSheet.java:218)
at org.apache.poi.xssf.usermodel.XSSFWorkbook.parseSheet(XSSFWorkbook.java:443)
at org.apache.poi.xssf.usermodel.XSSFWorkbook.onDocumentRead(XSSFWorkbook.java:408)
at org.apache.poi.POIXMLDocument.load(POIXMLDocument.java:169)
at org.apache.poi.xssf.usermodel.XSSFWorkbook.<init>(XSSFWorkbook.java:300)
at excelLibrary.ExcelReader.<init>(ExcelReader.java:24)
at basic_Config.BrowserInitiated.LaunchBrowser(BrowserInitiated.java:78)
at sun.reflect.NativeMethodAccessorImpl.invoke0(Native Method)
at sun.reflect.NativeMethodAccessorImpl.invoke(Unknown Source)
at sun.reflect.DelegatingMethodAccessorImpl.invoke(Unknown Source)
at java.lang.reflect.Method.invoke(Unknown Source)
at org.testng.internal.MethodInvocationHelper.invokeMethod(MethodInvocationHelper.java:124)
at org.testng.internal.MethodInvocationHelper.invokeMethodConsideringTimeout(MethodInvocationHelper.java:59)
]]>
    </error>
  </testcase> <!-- LaunchBrowser -->
  <testcase name="newBatch" time="0.000" classname="coding.CreateBatch">
    <skipped/>
  </testcase> <!-- newBatch -->
</testsuite> <!-- coding.CreateBatch -->
