<?xml version="1.0" encoding="UTF-8"?>
<!-- Generated by org.testng.reporters.JUnitReportReporter -->
<testsuite skipped="0" hostname="BLR2T2WSF045" name="codingAllotment.CicCoding" tests="1" failures="0" timestamp="22 Oct 2018 15:25:03 GMT" time="69.675" errors="0">
  <testcase name="Cic" time="69.675" classname="codingAllotment.CicCoding"/>
</testsuite> <!-- codingAllotment.CicCoding -->
