<?xml version="1.0" encoding="UTF-8"?>
<!-- Generated by org.testng.reporters.JUnitReportReporter -->
<testsuite skipped="0" hostname="BLR2T2WSF045" name="coderTest.CoderTransactionHoldStatus" tests="1" failures="0" timestamp="13 Dec 2018 10:58:57 GMT" time="58.639" errors="0">
  <testcase name="HoldCoderTrans" time="58.639" classname="coderTest.CoderTransactionHoldStatus"/>
</testsuite> <!-- coderTest.CoderTransactionHoldStatus -->
