<?xml version="1.0" encoding="UTF-8"?>
<!-- Generated by org.testng.reporters.JUnitReportReporter -->
<testsuite skipped="0" hostname="BLR2T2WSF045" name="coding.verifyClientName" tests="1" failures="0" timestamp="09 Oct 2018 14:24:51 GMT" time="4.344" errors="0">
  <testcase name="clientVerification" time="4.344" classname="coding.verifyClientName"/>
</testsuite> <!-- coding.verifyClientName -->
